<?xml version="1.0" encoding="UTF-8"?>
<!-- Generated by org.testng.reporters.JUnitReportReporter -->
<testsuite skipped="0" hostname="DESKTOP-FUIHC3U" name="pe.com.amazon.testcases.T_automationExam" tests="2" failures="0" timestamp="2020-04-17T00:05:49 COT" time="27.559" errors="0">
  <testcase name="Ingreso" time="0.107" classname="pe.com.amazon.testcases.T_automationExam"/>
  <system-out/>
  <testcase name="cargaDataExcel" time="27.452" classname="pe.com.amazon.testcases.T_automationExam"/>
  <system-out/>
</testsuite> <!-- pe.com.amazon.testcases.T_automationExam -->
