<?xml version="1.0" encoding="UTF-8"?>
<!-- Generated by org.testng.reporters.JUnitReportReporter -->
<testsuite skipped="0" hostname="DESKTOP-FUIHC3U" name="pe.com.hitss.testcases.T_automationExam" tests="2" failures="0" timestamp="2020-04-16T11:49:10 COT" time="20.260" errors="0">
  <testcase name="Ingreso" time="0.012" classname="pe.com.hitss.testcases.T_automationExam"/>
  <system-out/>
  <testcase name="aniadirCotizacionNatural" time="20.248" classname="pe.com.hitss.testcases.T_automationExam"/>
  <system-out/>
</testsuite> <!-- pe.com.hitss.testcases.T_automationExam -->
